<?xml version="1.0" encoding="utf-8"?>
<TestRun id="131a10c9-41f6-429f-a0c5-802ab3172f55" name="v-rakranjan@DP00185 2022-01-14 21:42:22" runUser="FAREAST\v-rakranjan" xmlns="http://microsoft.com/schemas/VisualStudio/TeamTest/2010">
  <Times creation="2022-01-14T21:42:22.4787474+05:30" queuing="2022-01-14T21:42:22.4787497+05:30" start="2022-01-14T21:40:19.9832623+05:30" finish="2022-01-14T21:42:27.4113973+05:30" />
  <TestSettings name="default" id="8316f9de-21cb-4356-9552-e03158717306">
    <Deployment runDeploymentRoot="v-rakranjan_DP00185_2022-01-14_21_42_22" />
  </TestSettings>
  <Results>
    <UnitTestResult executionId="edc56695-391a-4c9c-bf38-578e9fefdca0" testId="f5db02b6-9e12-b1e9-7164-33b97de97480" testName="EnquiryNumber" computerName="DP00185" duration="00:01:51.7035039" startTime="2022-01-14T21:40:21.0084378+05:30" endTime="2022-01-14T21:42:20.8820223+05:30" testType="13cdc9d9-ddb5-4fa4-a97d-d965ccfc6d4b" outcome="Passed" testListId="8c84fa94-04c1-424b-9868-57a2d4851a1d" relativeResultsDirectory="edc56695-391a-4c9c-bf38-578e9fefdca0">
      <Output>
        <StdOut>Starting TestSuite&#xD;
Class Initialise started&#xD;
Starting ClassInitialise&#xD;
&#xD;


TestContext Messages:
Starting test:::EnquiryNumber</StdOut>
      </Output>
    </UnitTestResult>
  </Results>
  <TestDefinitions>
    <UnitTest name="EnquiryNumber" storage="d:\playwright_demo\playwright_demo\demo_automation\bin\debug\net5.0\demo_automation.dll" id="f5db02b6-9e12-b1e9-7164-33b97de97480">
      <Execution id="edc56695-391a-4c9c-bf38-578e9fefdca0" />
      <TestMethod codeBase="D:\Playwright_Demo\Playwright_Demo\Demo_Automation\bin\Debug\net5.0\Demo_Automation.dll" adapterTypeName="executor://mstestadapter/v2" className="DemoTests.VerifyEnquiryNumber" name="EnquiryNumber" />
    </UnitTest>
  </TestDefinitions>
  <TestEntries>
    <TestEntry testId="f5db02b6-9e12-b1e9-7164-33b97de97480" executionId="edc56695-391a-4c9c-bf38-578e9fefdca0" testListId="8c84fa94-04c1-424b-9868-57a2d4851a1d" />
  </TestEntries>
  <TestLists>
    <TestList name="Results Not in a List" id="8c84fa94-04c1-424b-9868-57a2d4851a1d" />
    <TestList name="All Loaded Results" id="19431567-8539-422a-85d7-44ee4e166bda" />
  </TestLists>
  <ResultSummary outcome="Completed">
    <Counters total="1" executed="1" passed="1" failed="0" error="0" timeout="0" aborted="0" inconclusive="0" passedButRunAborted="0" notRunnable="0" notExecuted="0" disconnected="0" warning="0" completed="0" inProgress="0" pending="0" />
  </ResultSummary>
</TestRun>